0 info it worked if it ends with ok
1 verbose cli [ 'node', '/Users/rocky/.nvm/v0.10.12/bin/npm', 'install' ]
2 info using npm@1.4.9
3 info using node@v0.10.12
4 error install Couldn't read dependencies
5 error Failed to parse json
5 error Unexpected string
6 error File: /Users/rocky/wrk/node_samples/spps-atk/package.json
7 error Failed to parse package.json data.
7 error package.json must be actual JSON, not just JavaScript.
7 error
7 error This is not a bug in npm.
7 error Tell the package author to fix their package.json file. JSON.parse
8 error System Darwin 13.1.0
9 error command "node" "/Users/rocky/.nvm/v0.10.12/bin/npm" "install"
10 error cwd /Users/rocky/wrk/node_samples/spps-atk
11 error node -v v0.10.12
12 error npm -v 1.4.9
13 error file /Users/rocky/wrk/node_samples/spps-atk/package.json
14 error code EJSONPARSE
15 verbose exit [ 1, true ]
